    ======  ======
    Time:02/06/2022 17:54:41
    Title: Initiate log
    Message: 
    Time:02/06/2022 17:54:41
    Title: Initiate InternalManager
    Message: Trying to Validate License
    Time:02/06/2022 17:54:41
    Title: Requesting EVT
    Message: EVTP
    Time:02/06/2022 17:54:41
    Title: Requesting Validation
    Message: ILMValidate
    Time:02/06/2022 17:54:41
    Title: LICENSER
    Message: TRL MODE
    Time:02/06/2022 17:54:41
    Title: LICENSER
    Message: DS LEFT30
    Time:02/06/2022 17:54:41
    Title: LICENSER
    Message: DT MARK PASSED30.00:00:00
    TS:Registry store: user registry root "HKEY_CURRENT_USER\Software\Microsoft\VisualStudio\17.0_4e1fdb38"
    TS:Registry store: config registry root "HKEY_CURRENT_USER\Software\Microsoft\VisualStudio\17.0_4e1fdb38_Config"
    Time:02/06/2022 17:54:48
    Title: Requesting Validation
    Message: ILMValidate True
    Time:02/06/2022 17:54:48
    Title: Requesting Validation
    Message: ILMValidate True Trial
    Entering constructor for: Telerik.Blazor.VSPackage.VsPackage
    Entering constructor for: Telerik.Blazor.VSPackage.VsPackage
    Entering Initialize() for: Telerik.Blazor.VSPackage.VsPackage
    Entering constructor for: Telerik.CommonPackage.VSPackage
    Entering Initialize() of: Telerik.CommonPackage.VSPackage
    Entering constructor for: Telerik.VSX.UserSettingsPackage.UserSettingsPackage
    Entering Initialize() of: Telerik.VSX.UserSettingsPackage.UserSettingsPackage
    Entering constructor for: Telerik.KendoUI.Mvc.VSPackage.VsPackage
    Entering constructor for: Telerik.KendoUI.Mvc.VSPackage.VsPackage
    Entering Initialize() for: Telerik.KendoUI.Mvc.VSPackage.VsPackage
    Entering constructor for: Telerik.Web.UI.VSPackage.VSPackage
    Entering Initialize() for: Telerik.Web.UI.VSPackage.VSPackage
    Product creation from registry failed for:HKEY_LOCAL_MACHINE\Software\Telerik\Reporting\Net4.0
    Install dir: 
    Version: 
    Product creation from registry failed for:HKEY_LOCAL_MACHINE\Software\Telerik\Reporting\R2 2022
    Install dir: 
    Version: 
    No Telerik Reporting products found in registry
    All solution projects: 4
    TR: Assembly resolution failed: Telerik.JustMock.VS.Async.Implementation.XmlSerializers, Version=2022.2.511.1, Culture=neutral, PublicKeyToken=602a9bfd8c8c4ad7
    TR: Assembly resolution failed: Telerik.Windows.Themes.VisualStudio2013, Culture=neutral
    Entering constructor for: Telerik.WinControls.Converter.VSPackage.VSPackage
    Entering Initialize() for: Telerik.WinControls.Converter.VSPackage.VSPackage
    TR: Assembly resolution failed: Telerik.VSX.Notifications.1.2.0.0.XmlSerializers, Version=1.2.0.0, Culture=neutral, PublicKeyToken=0dfdc51bd06071b4
    Entering constructor for: Telerik.WinControls.VSPackage.VSPackage
    Entering Initialize() for: Telerik.WinControls.VSPackage.VSPackage
    TR: Assembly resolution failed: Telerik.VSX.Tracking.XmlSerializers, Version=3.1.0.8, Culture=neutral, PublicKeyToken=dac83c33184dc9bb
    TR: Assembly resolution failed: Telerik.VSX.Tracking.XmlSerializers, Version=3.1.0.8, Culture=neutral, PublicKeyToken=dac83c33184dc9bb
    TR: Assembly resolution failed: Telerik.JustMock.AddIn.XmlSerializers, Version=2022.2.511.1, Culture=neutral, PublicKeyToken=602a9bfd8c8c4ad7
    All solution projects: 4
    Entering constructor for: Telerik.KendoUI.ASP.NET.Core.VSPackage.VsPackage
    Entering constructor for: Telerik.KendoUI.ASP.NET.Core.VSPackage.VsPackage
    Entering Initialize() for: Telerik.KendoUI.ASP.NET.Core.VSPackage.VsPackage
    Entering constructor for: Telerik.Windows.WPF.VSPackage.VSPackage
    Entering Initialize() for: Telerik.Windows.WPF.VSPackage.VSPackage
    devenv.exe Warning: 0 : EnvDTE.OutputWindowPane GetOutputWindowPane(System.String, Boolean): exception thrown while getting output window pane 'JustMock': System.Runtime.InteropServices.COMException (0x80010108): L’objet invoqué s’est déconnecté de ses clients. (Exception de HRESULT : 0x80010108 (RPC_E_DISCONNECTED))
   à EnvDTE80.DTE2.get_Windows()
   à Telerik.JustMock.VS.Async.JustMockPackageImplementation.GetOutputWindowPane(String name, Boolean activate)
